Copyright 1986-2022 Xilinx, Inc. All Rights Reserved. Copyright 2022-2025 Advanced Micro Devices, Inc. All Rights Reserved.
---------------------------------------------------------------------------------------------------------------------------------------------
| Tool Version : Vivado v.2025.1 (lin64) Build 6140274 Wed May 21 22:58:25 MDT 2025
| Date         : Sun Oct  5 20:44:01 2025
| Host         : MBP running 64-bit Ubuntu 24.04.3 LTS
| Command      : report_control_sets -verbose -file ambient_light_sensor_control_sets_placed.rpt
| Design       : ambient_light_sensor
| Device       : xck26
---------------------------------------------------------------------------------------------------------------------------------------------

Control Set Information

Table of Contents
-----------------
1. Summary
2. Histogram
3. Flip-Flop Distribution
4. Detailed Control Set Information

1. Summary
----------

+----------------------------------------------------------+-------+
|                          Status                          | Count |
+----------------------------------------------------------+-------+
| Total control sets                                       |     8 |
|    Minimum number of control sets                        |     8 |
|    Addition due to synthesis replication                 |     0 |
|    Addition due to physical synthesis replication        |     0 |
| Unused register locations in slices containing registers |    14 |
+----------------------------------------------------------+-------+
* Control sets can be merged at opt_design using control_set_merge or merge_equivalent_drivers
** Run report_qor_suggestions for automated merging and remapping suggestions


2. Histogram
------------

+--------------------+-------+
|       Fanout       | Count |
+--------------------+-------+
| Total control sets |     8 |
| >= 0 to < 4        |     4 |
| >= 4 to < 6        |     0 |
| >= 6 to < 8        |     1 |
| >= 8 to < 10       |     1 |
| >= 10 to < 12      |     1 |
| >= 12 to < 14      |     0 |
| >= 14 to < 16      |     0 |
| >= 16              |     1 |
+--------------------+-------+
* Control sets can be remapped at either synth_design or opt_design


3. Flip-Flop Distribution
-------------------------

+--------------+-----------------------+------------------------+-----------------+--------------+
| Clock Enable | Synchronous Set/Reset | Asynchronous Set/Reset | Total Registers | Total Slices |
+--------------+-----------------------+------------------------+-----------------+--------------+
| No           | No                    | No                     |               2 |            2 |
| No           | No                    | Yes                    |               3 |            2 |
| No           | Yes                   | No                     |               0 |            0 |
| Yes          | No                    | No                     |              14 |            4 |
| Yes          | No                    | Yes                    |               8 |            1 |
| Yes          | Yes                   | No                     |              35 |            6 |
+--------------+-----------------------+------------------------+-----------------+--------------+


4. Detailed Control Set Information
-----------------------------------

+----------------+-----------------------------------+-----------------------------------+------------------+----------------+--------------+
|  Clock Signal  |           Enable Signal           |          Set/Reset Signal         | Slice Load Count | Bel Load Count | Bels / Slice |
+----------------+-----------------------------------+-----------------------------------+------------------+----------------+--------------+
|  clk_IBUF_BUFG |                                   |                                   |                2 |              2 |         1.00 |
|  clk_IBUF_BUFG | spi_master_0/clk_ratio[2]_i_1_n_0 |                                   |                2 |              2 |         1.00 |
|  clk_IBUF_BUFG |                                   | reset_n_IBUF_inst/O               |                2 |              3 |         1.50 |
|  clk_IBUF_BUFG | reset_n_IBUF_inst/O               |                                   |                1 |              3 |         3.00 |
|  clk_IBUF_BUFG | spi_master_0/clk_toggles0         | spi_master_0/clk_ratio[2]_i_1_n_0 |                2 |              6 |         3.00 |
|  clk_IBUF_BUFG | spi_master_0/rx_data[12]_i_1_n_0  | reset_n_IBUF_inst/O               |                1 |              8 |         8.00 |
|  clk_IBUF_BUFG | spi_master_0/rx_buffer0           |                                   |                2 |             10 |         5.00 |
|  clk_IBUF_BUFG | reset_n_IBUF_inst/O               | spi_master_0/count[31]_i_1_n_0    |                4 |             29 |         7.25 |
+----------------+-----------------------------------+-----------------------------------+------------------+----------------+--------------+


